2021/12/14 09:35:43.668|DEBUG|_01_Logging.SystemService|开始执行数据库同步 
2021/12/14 09:35:43.684|DEBUG|_01_Logging.SystemService|开始执行数据库同成功 
2021/12/14 09:35:43.684|DEBUG|_01_Logging.SystemService|connection succed 
2021/12/14 09:35:43.684|WARN|_01_Logging.SystemService|read data faile, retry first 
2021/12/14 09:35:43.684|WARN|_01_Logging.SystemService|read data faile, retry second 
2021/12/14 09:35:43.684|ERROR|_01_Logging.SystemService|read data faile 
2021/12/14 09:35:43.684|DEBUG|_01_Logging.SystemService|开始执行数据库同步 
2021/12/14 09:35:43.684|DEBUG|_01_Logging.SystemService|开始执行数据库同成功 
2021/12/14 09:35:43.684|DEBUG|_01_Logging.SystemService|connection succed 
2021/12/14 09:35:43.684|WARN|_01_Logging.SystemService|read data faile, retry first 
2021/12/14 09:35:43.684|WARN|_01_Logging.SystemService|read data faile, retry second 
2021/12/14 09:35:43.684|ERROR|_01_Logging.SystemService|read data faile 
2021/12/14 09:35:43.684|DEBUG|_01_Logging.SystemService|开始执行数据库同步 
2021/12/14 09:35:43.684|DEBUG|_01_Logging.SystemService|开始执行数据库同成功 
2021/12/14 09:35:43.684|DEBUG|_01_Logging.SystemService|connection succed 
2021/12/14 09:35:43.684|WARN|_01_Logging.SystemService|read data faile, retry first 
2021/12/14 09:35:43.684|WARN|_01_Logging.SystemService|read data faile, retry second 
2021/12/14 09:35:43.684|ERROR|_01_Logging.SystemService|read data faile 
2021/12/14 09:35:43.684|DEBUG|_01_Logging.SystemService|开始执行数据库同步 
2021/12/14 09:35:43.684|DEBUG|_01_Logging.SystemService|开始执行数据库同成功 
2021/12/14 09:35:43.684|DEBUG|_01_Logging.SystemService|connection succed 
2021/12/14 09:35:43.684|WARN|_01_Logging.SystemService|read data faile, retry first 
2021/12/14 09:35:43.684|WARN|_01_Logging.SystemService|read data faile, retry second 
2021/12/14 09:35:43.684|ERROR|_01_Logging.SystemService|read data faile 
2021/12/14 09:35:43.684|DEBUG|_01_Logging.SystemService|开始执行数据库同步 
2021/12/14 09:35:43.684|DEBUG|_01_Logging.SystemService|开始执行数据库同成功 
2021/12/14 09:35:43.684|DEBUG|_01_Logging.SystemService|connection succed 
2021/12/14 09:35:43.684|WARN|_01_Logging.SystemService|read data faile, retry first 
2021/12/14 09:35:43.684|WARN|_01_Logging.SystemService|read data faile, retry second 
2021/12/14 09:35:43.684|ERROR|_01_Logging.SystemService|read data faile 
2021/12/14 09:35:43.684|DEBUG|_01_Logging.SystemService|开始执行数据库同步 
2021/12/14 09:35:43.684|DEBUG|_01_Logging.SystemService|开始执行数据库同成功 
2021/12/14 09:35:43.684|DEBUG|_01_Logging.SystemService|connection succed 
2021/12/14 09:35:43.684|WARN|_01_Logging.SystemService|read data faile, retry first 
2021/12/14 09:35:43.684|WARN|_01_Logging.SystemService|read data faile, retry second 
2021/12/14 09:35:43.684|ERROR|_01_Logging.SystemService|read data faile 
2021/12/14 09:35:43.684|DEBUG|_01_Logging.SystemService|开始执行数据库同步 
2021/12/14 09:35:43.684|DEBUG|_01_Logging.SystemService|开始执行数据库同成功 
2021/12/14 09:35:43.684|DEBUG|_01_Logging.SystemService|connection succed 
2021/12/14 09:35:43.684|WARN|_01_Logging.SystemService|read data faile, retry first 
2021/12/14 09:35:43.684|WARN|_01_Logging.SystemService|read data faile, retry second 
2021/12/14 09:35:43.684|ERROR|_01_Logging.SystemService|read data faile 
2021/12/14 09:35:43.684|DEBUG|_01_Logging.SystemService|开始执行数据库同步 
2021/12/14 09:35:43.684|DEBUG|_01_Logging.SystemService|开始执行数据库同成功 
2021/12/14 09:35:43.684|DEBUG|_01_Logging.SystemService|connection succed 
2021/12/14 09:35:43.699|WARN|_01_Logging.SystemService|read data faile, retry first 
2021/12/14 09:35:43.699|WARN|_01_Logging.SystemService|read data faile, retry second 
2021/12/14 09:35:43.699|ERROR|_01_Logging.SystemService|read data faile 
2021/12/14 09:35:43.699|DEBUG|_01_Logging.SystemService|开始执行数据库同步 
2021/12/14 09:35:43.699|DEBUG|_01_Logging.SystemService|开始执行数据库同成功 
2021/12/14 09:35:43.699|DEBUG|_01_Logging.SystemService|connection succed 
2021/12/14 09:35:43.699|WARN|_01_Logging.SystemService|read data faile, retry first 
2021/12/14 09:35:43.699|WARN|_01_Logging.SystemService|read data faile, retry second 
2021/12/14 09:35:43.699|ERROR|_01_Logging.SystemService|read data faile 
2021/12/14 09:35:43.699|DEBUG|_01_Logging.SystemService|开始执行数据库同步 
2021/12/14 09:35:43.699|DEBUG|_01_Logging.SystemService|开始执行数据库同成功 
2021/12/14 09:35:43.699|DEBUG|_01_Logging.SystemService|connection succed 
2021/12/14 09:35:43.699|WARN|_01_Logging.SystemService|read data faile, retry first 
2021/12/14 09:35:43.699|WARN|_01_Logging.SystemService|read data faile, retry second 
2021/12/14 09:35:43.699|ERROR|_01_Logging.SystemService|read data faile 
2021/12/14 09:35:43.699|DEBUG|_01_Logging.SystemService|开始执行数据库同步 
2021/12/14 09:35:43.699|DEBUG|_01_Logging.SystemService|开始执行数据库同成功 
2021/12/14 09:35:43.699|DEBUG|_01_Logging.SystemService|connection succed 
2021/12/14 09:35:43.699|WARN|_01_Logging.SystemService|read data faile, retry first 
2021/12/14 09:35:43.699|WARN|_01_Logging.SystemService|read data faile, retry second 
2021/12/14 09:35:43.699|ERROR|_01_Logging.SystemService|read data faile 
2021/12/14 09:35:43.699|DEBUG|_01_Logging.SystemService|开始执行数据库同步 
2021/12/14 09:35:43.699|DEBUG|_01_Logging.SystemService|开始执行数据库同成功 
2021/12/14 09:35:43.699|DEBUG|_01_Logging.SystemService|connection succed 
2021/12/14 09:35:43.699|WARN|_01_Logging.SystemService|read data faile, retry first 
2021/12/14 09:35:43.699|WARN|_01_Logging.SystemService|read data faile, retry second 
2021/12/14 09:35:43.699|ERROR|_01_Logging.SystemService|read data faile 
2021/12/14 09:35:43.699|DEBUG|_01_Logging.SystemService|开始执行数据库同步 
2021/12/14 09:35:43.699|DEBUG|_01_Logging.SystemService|开始执行数据库同成功 
2021/12/14 09:35:43.699|DEBUG|_01_Logging.SystemService|connection succed 
2021/12/14 09:35:43.699|WARN|_01_Logging.SystemService|read data faile, retry first 
2021/12/14 09:35:43.699|WARN|_01_Logging.SystemService|read data faile, retry second 
2021/12/14 09:35:43.699|ERROR|_01_Logging.SystemService|read data faile 
2021/12/14 09:35:43.699|DEBUG|_01_Logging.SystemService|开始执行数据库同步 
2021/12/14 09:35:43.699|DEBUG|_01_Logging.SystemService|开始执行数据库同成功 
2021/12/14 09:35:43.699|DEBUG|_01_Logging.SystemService|connection succed 
2021/12/14 09:35:43.699|WARN|_01_Logging.SystemService|read data faile, retry first 
2021/12/14 09:35:43.699|WARN|_01_Logging.SystemService|read data faile, retry second 
2021/12/14 09:35:43.699|ERROR|_01_Logging.SystemService|read data faile 
2021/12/14 09:35:43.699|DEBUG|_01_Logging.SystemService|开始执行数据库同步 
2021/12/14 09:35:43.699|DEBUG|_01_Logging.SystemService|开始执行数据库同成功 
2021/12/14 09:35:43.699|DEBUG|_01_Logging.SystemService|connection succed 
2021/12/14 09:35:43.699|WARN|_01_Logging.SystemService|read data faile, retry first 
2021/12/14 09:35:43.699|WARN|_01_Logging.SystemService|read data faile, retry second 
2021/12/14 09:35:43.699|ERROR|_01_Logging.SystemService|read data faile 
2021/12/14 09:35:43.699|DEBUG|_01_Logging.SystemService|开始执行数据库同步 
2021/12/14 09:35:43.699|DEBUG|_01_Logging.SystemService|开始执行数据库同成功 
2021/12/14 09:35:43.699|DEBUG|_01_Logging.SystemService|connection succed 
2021/12/14 09:35:43.699|WARN|_01_Logging.SystemService|read data faile, retry first 
2021/12/14 09:35:43.699|WARN|_01_Logging.SystemService|read data faile, retry second 
2021/12/14 09:35:43.699|ERROR|_01_Logging.SystemService|read data faile 
2021/12/14 09:35:43.699|DEBUG|_01_Logging.SystemService|开始执行数据库同步 
2021/12/14 09:35:43.699|DEBUG|_01_Logging.SystemService|开始执行数据库同成功 
2021/12/14 09:35:43.699|DEBUG|_01_Logging.SystemService|connection succed 
2021/12/14 09:35:43.699|WARN|_01_Logging.SystemService|read data faile, retry first 
2021/12/14 09:35:43.699|WARN|_01_Logging.SystemService|read data faile, retry second 
2021/12/14 09:35:43.699|ERROR|_01_Logging.SystemService|read data faile 
2021/12/14 09:35:43.699|DEBUG|_01_Logging.SystemService|开始执行数据库同步 
2021/12/14 09:35:43.699|DEBUG|_01_Logging.SystemService|开始执行数据库同成功 
2021/12/14 09:35:43.715|DEBUG|_01_Logging.SystemService|connection succed 
2021/12/14 09:35:43.715|WARN|_01_Logging.SystemService|read data faile, retry first 
2021/12/14 09:35:43.715|WARN|_01_Logging.SystemService|read data faile, retry second 
2021/12/14 09:35:43.715|ERROR|_01_Logging.SystemService|read data faile 
2021/12/14 09:35:43.715|DEBUG|_01_Logging.SystemService|开始执行数据库同步 
2021/12/14 09:35:43.715|DEBUG|_01_Logging.SystemService|开始执行数据库同成功 
2021/12/14 09:35:43.715|DEBUG|_01_Logging.SystemService|connection succed 
2021/12/14 09:35:43.715|WARN|_01_Logging.SystemService|read data faile, retry first 
2021/12/14 09:35:43.715|WARN|_01_Logging.SystemService|read data faile, retry second 
2021/12/14 09:35:43.715|ERROR|_01_Logging.SystemService|read data faile 
2021/12/14 09:35:43.715|DEBUG|_01_Logging.SystemService|开始执行数据库同步 
2021/12/14 09:35:43.715|DEBUG|_01_Logging.SystemService|开始执行数据库同成功 
2021/12/14 09:35:43.715|DEBUG|_01_Logging.SystemService|connection succed 
2021/12/14 09:35:43.715|WARN|_01_Logging.SystemService|read data faile, retry first 
2021/12/14 09:35:43.715|WARN|_01_Logging.SystemService|read data faile, retry second 
2021/12/14 09:35:43.715|ERROR|_01_Logging.SystemService|read data faile 
